0 info it worked if it ends with ok
1 verbose cli [ '/usr/bin/node',
1 verbose cli   '/usr/bin/npm',
1 verbose cli   'install',
1 verbose cli   '--save',
1 verbose cli   'sidebar-v2' ]
2 info using npm@1.4.28
3 info using node@v0.10.32
4 verbose node symlink /usr/bin/node
5 warn package.json flippermap-client@1.0.0 No description
6 warn package.json flippermap-client@1.0.0 No repository field.
7 warn package.json flippermap-client@1.0.0 No README data
8 warn package.json buffer@2.7.0 buffer is also the name of a node core module.
9 warn package.json leaflet.markercluster@0.4.0 No repository field.
10 verbose readDependencies using package.json deps
11 verbose cache add [ 'sidebar-v2', null ]
12 verbose cache add name=undefined spec="sidebar-v2" args=["sidebar-v2",null]
13 verbose parsed url { protocol: null,
13 verbose parsed url   slashes: null,
13 verbose parsed url   auth: null,
13 verbose parsed url   host: null,
13 verbose parsed url   port: null,
13 verbose parsed url   hostname: null,
13 verbose parsed url   hash: null,
13 verbose parsed url   search: null,
13 verbose parsed url   query: null,
13 verbose parsed url   pathname: 'sidebar-v2',
13 verbose parsed url   path: 'sidebar-v2',
13 verbose parsed url   href: 'sidebar-v2' }
14 silly lockFile 96537953-sidebar-v2 sidebar-v2
15 verbose lock sidebar-v2 /home/koen/.npm/96537953-sidebar-v2.lock
16 silly lockFile 96537953-sidebar-v2 sidebar-v2
17 silly lockFile 96537953-sidebar-v2 sidebar-v2
18 verbose addNamed [ 'sidebar-v2', '' ]
19 verbose addNamed [ null, '*' ]
20 silly lockFile c242b19b-sidebar-v2 sidebar-v2@
21 verbose lock sidebar-v2@ /home/koen/.npm/c242b19b-sidebar-v2.lock
22 silly addNameRange { name: 'sidebar-v2', range: '*', hasData: false }
23 verbose request where is /sidebar-v2
24 verbose request registry https://registry.npmjs.org/
25 verbose request id 134785144a73431a
26 verbose url raw /sidebar-v2
27 verbose url resolving [ 'https://registry.npmjs.org/', './sidebar-v2' ]
28 verbose url resolved https://registry.npmjs.org/sidebar-v2
29 verbose request where is https://registry.npmjs.org/sidebar-v2
30 info trying registry request attempt 1 at 18:41:01
31 http GET https://registry.npmjs.org/sidebar-v2
32 http 404 https://registry.npmjs.org/sidebar-v2
33 verbose headers { date: 'Sun, 28 Sep 2014 16:41:02 GMT',
33 verbose headers   server: 'CouchDB/1.5.0 (Erlang OTP/R16B03)',
33 verbose headers   'content-type': 'application/json',
33 verbose headers   'cache-control': 'max-age=0',
33 verbose headers   'content-length': '52',
33 verbose headers   'accept-ranges': 'bytes',
33 verbose headers   via: '1.1 varnish',
33 verbose headers   age: '0',
33 verbose headers   'x-served-by': 'cache-fra1230-FRA',
33 verbose headers   'x-cache': 'MISS',
33 verbose headers   'x-cache-hits': '0',
33 verbose headers   'x-timer': 'S1411922461.548936,VS0,VE691',
33 verbose headers   'keep-alive': 'timeout=10, max=50',
33 verbose headers   connection: 'Keep-Alive' }
34 silly registry.get cb [ 404,
34 silly registry.get   { date: 'Sun, 28 Sep 2014 16:41:02 GMT',
34 silly registry.get     server: 'CouchDB/1.5.0 (Erlang OTP/R16B03)',
34 silly registry.get     'content-type': 'application/json',
34 silly registry.get     'cache-control': 'max-age=0',
34 silly registry.get     'content-length': '52',
34 silly registry.get     'accept-ranges': 'bytes',
34 silly registry.get     via: '1.1 varnish',
34 silly registry.get     age: '0',
34 silly registry.get     'x-served-by': 'cache-fra1230-FRA',
34 silly registry.get     'x-cache': 'MISS',
34 silly registry.get     'x-cache-hits': '0',
34 silly registry.get     'x-timer': 'S1411922461.548936,VS0,VE691',
34 silly registry.get     'keep-alive': 'timeout=10, max=50',
34 silly registry.get     connection: 'Keep-Alive' } ]
35 silly lockFile c242b19b-sidebar-v2 sidebar-v2@
36 silly lockFile c242b19b-sidebar-v2 sidebar-v2@
37 error 404 404 Not Found: sidebar-v2
37 error 404
37 error 404 'sidebar-v2' is not in the npm registry.
37 error 404 You should bug the author to publish it
37 error 404 It was specified as a dependency of 'flippermap-client'
37 error 404
37 error 404 Note that you can also install from a
37 error 404 tarball, folder, or http url, or git url.
38 error System Linux 3.13.0-36-generic
39 error command "/usr/bin/node" "/usr/bin/npm" "install" "--save" "sidebar-v2"
40 error cwd /home/koen/Projects/vespakoen/code/flippermaps/client
41 error node -v v0.10.32
42 error npm -v 1.4.28
43 error code E404
44 verbose exit [ 1, true ]
